<?xml version="1.0" encoding="UTF-8"?>
<!-- Generated by org.testng.reporters.JUnitReportReporter -->
<testsuite hostname="LT106211" failures="0" tests="5" name="test_runner.MethodCalling" time="43.660" errors="0" timestamp="2021-07-04T21:48:18 IST" skipped="0">
  <testcase classname="test_runner.MethodCalling" name="login" time="2.226"/>
  <system-out/>
  <testcase classname="test_runner.MethodCalling" name="authentication" time="0.206"/>
  <system-out/>
  <testcase classname="test_runner.MethodCalling" name="registration" time="4.517"/>
  <system-out/>
  <testcase classname="test_runner.MethodCalling" name="clickOndresses" time="3.164"/>
  <system-out/>
  <testcase classname="test_runner.MethodCalling" name="conditions" time="33.547"/>
  <system-out/>
</testsuite> <!-- test_runner.MethodCalling -->
