<?xml version="1.0" encoding="UTF-8"?>
<!-- Generated by org.testng.reporters.JUnitReportReporter -->
<testsuite hostname="LT106211" failures="0" tests="1" name="operations.Hooks" time="0.020" errors="0" timestamp="2021-07-03T19:38:48 IST" skipped="0">
  <testcase classname="operations.Hooks" name="Simple" time="0.020"/>
  <system-out/>
</testsuite> <!-- operations.Hooks -->
