<?xml version="1.0" encoding="UTF-8"?>
<!-- Generated by org.testng.reporters.JUnitReportReporter -->
<testsuite hostname="LT106211" failures="0" tests="5" name="test_runner.MethodCalling" time="48.251" errors="0" timestamp="2021-07-05T02:08:12 IST" skipped="0">
  <testcase classname="test_runner.MethodCalling" name="login" time="3.441"/>
  <system-out/>
  <testcase classname="test_runner.MethodCalling" name="authentication" time="0.241"/>
  <system-out/>
  <testcase classname="test_runner.MethodCalling" name="registration" time="10.762"/>
  <system-out/>
  <testcase classname="test_runner.MethodCalling" name="conditions" time="24.074"/>
  <system-out/>
  <testcase classname="test_runner.MethodCalling" name="purchaseProcess" time="9.733"/>
  <system-out/>
</testsuite> <!-- test_runner.MethodCalling -->
